+----------+------------+---------------+-----+-----+---------------+-----+
|    Fs    |   PLLI2S   |    I2SxCLK    |  N  |  R  |       e       | DIV |
+----------+------------+---------------+-----+-----+---------------+-----+
|  8000 Hz |      1 MHz |   51.2000 MHz | 256 |  5  | 0.000000000 % |  25 |
|          |            |               |     |     |               |     |
+----------+------------+---------------+-----+-----+---------------+-----+
| 11025 Hz |      1 MHz |  107.2500 MHz | 429 |  4  | 0.001118869 % |  38 |
|          |            |               |     |     |               |     |
+----------+------------+---------------+-----+-----+---------------+-----+
| 12000 Hz |      1 MHz |   76.8000 MHz | 384 |  5  | 0.000000000 % |  25 |
|          |            |               |     |     |               |     |
+----------+------------+---------------+-----+-----+---------------+-----+
| 16000 Hz |      1 MHz |  106.5000 MHz | 213 |  2  | 0.003756010 % |  26 |
| 16000 Hz |      1 MHz |   53.2500 MHz | 213 |  4  | 0.003756010 % |  13 |
| 16000 Hz |      1 MHz |  106.5000 MHz | 426 |  4  | 0.003756010 % |  26 |
|          |            |               |     |     |               |     |
+----------+------------+---------------+-----+-----+---------------+-----+
| 22050 Hz |      1 MHz |  107.2500 MHz | 429 |  4  | 0.001118869 % |  19 |
|          |            |               |     |     |               |     |
+----------+------------+---------------+-----+-----+---------------+-----+
| 24000 Hz |      1 MHz |  141.3333 MHz | 424 |  3  | 0.015096618 % |  23 |
|          |            |               |     |     |               |     |
+----------+------------+---------------+-----+-----+---------------+-----+
| 32000 Hz |      1 MHz |  106.5000 MHz | 213 |  2  | 0.003756010 % |  13 |
| 32000 Hz |      1 MHz |  106.5000 MHz | 426 |  4  | 0.003756010 % |  13 |
|          |            |               |     |     |               |     |
+----------+------------+---------------+-----+-----+---------------+-----+
| 44100 Hz |      1 MHz |  135.5000 MHz | 271 |  2  | 0.018305933 % |  12 |
| 44100 Hz |      1 MHz |   90.3333 MHz | 271 |  3  | 0.018305933 % |   8 |
| 44100 Hz |      1 MHz |   67.7500 MHz | 271 |  4  | 0.018305933 % |   6 |
| 44100 Hz |      1 MHz |   45.1667 MHz | 271 |  6  | 0.018305933 % |   4 |
|          |            |               |     |     |               |     |
+----------+------------+---------------+-----+-----+---------------+-----+
| 48000 Hz |      1 MHz |   49.1429 MHz | 344 |  7  | 0.018601190 % |   4 |
| 48000 Hz |      1 MHz |   61.4286 MHz | 430 |  7  | 0.018601190 % |   5 |
|          |            |               |     |     |               |     |
+----------+------------+---------------+-----+-----+---------------+-----+
| 88200 Hz |      1 MHz |  135.5000 MHz | 271 |  2  | 0.018305933 % |   6 |
| 88200 Hz |      1 MHz |   90.3333 MHz | 271 |  3  | 0.018305933 % |   4 |
|          |            |               |     |     |               |     |
+----------+------------+---------------+-----+-----+---------------+-----+
| 96000 Hz |      1 MHz |  172.0000 MHz | 344 |  2  | 0.018601190 % |   7 |
|          |            |               |     |     |               |     |
+----------+------------+---------------+-----+-----+---------------+-----+
