+----------+------------+---------------+-----+-----+-----------+-----+
|    Fs    |   PLLI2S   |    I2SxCLK    |  N  |  R  |     e     | DIV |
+----------+------------+---------------+-----+-----+-----------+-----+
|  8000 Hz |      1 MHz |   51.2000 MHz | 256 |  5  |  0.0000 % |  25 |
|  8000 Hz |      2 MHz |   51.2000 MHz | 128 |  5  |  0.0000 % |  25 |
|  8000 Hz |      2 MHz |  102.4000 MHz | 256 |  5  |  0.0000 % |  50 |
|  8000 Hz |      2 MHz |  153.6000 MHz | 384 |  5  |  0.0000 % |  75 |
|          |            |               |     |     |           |     |
+----------+------------+---------------+-----+-----+-----------+-----+
| 11025 Hz |      1 MHz |  107.2500 MHz | 429 |  4  |  0.0011 % |  38 |
| 11025 Hz |      2 MHz |  115.7143 MHz | 405 |  7  |  0.0036 % |  41 |
|          |            |               |     |     |           |     |
+----------+------------+---------------+-----+-----+-----------+-----+
| 12000 Hz |      1 MHz |   76.8000 MHz | 384 |  5  |  0.0000 % |  25 |
| 12000 Hz |      2 MHz |   76.8000 MHz | 192 |  5  |  0.0000 % |  25 |
| 12000 Hz |      2 MHz |  153.6000 MHz | 384 |  5  |  0.0000 % |  50 |
|          |            |               |     |     |           |     |
+----------+------------+---------------+-----+-----+-----------+-----+
| 16000 Hz |      1 MHz |  106.5000 MHz | 213 |  2  |  0.0038 % |  26 |
| 16000 Hz |      1 MHz |   53.2500 MHz | 213 |  4  |  0.0038 % |  13 |
| 16000 Hz |      1 MHz |  106.5000 MHz | 426 |  4  |  0.0038 % |  26 |
| 16000 Hz |      2 MHz |  102.4000 MHz | 256 |  5  |  0.0000 % |  25 |
|          |            |               |     |     |           |     |
+----------+------------+---------------+-----+-----+-----------+-----+
| 22050 Hz |      1 MHz |  107.2500 MHz | 429 |  4  |  0.0011 % |  19 |
| 22050 Hz |      2 MHz |   84.6667 MHz | 127 |  3  |  0.0063 % |  15 |
| 22050 Hz |      2 MHz |  169.3333 MHz | 254 |  3  |  0.0063 % |  30 |
| 22050 Hz |      2 MHz |   84.6667 MHz | 254 |  6  |  0.0063 % |  15 |
|          |            |               |     |     |           |     |
+----------+------------+---------------+-----+-----+-----------+-----+
| 24000 Hz |      1 MHz |  141.3333 MHz | 424 |  3  |  0.0151 % |  23 |
| 24000 Hz |      2 MHz |  153.6000 MHz | 384 |  5  |  0.0000 % |  25 |
|          |            |               |     |     |           |     |
+----------+------------+---------------+-----+-----+-----------+-----+
| 32000 Hz |      1 MHz |  106.5000 MHz | 213 |  2  |  0.0038 % |  13 |
| 32000 Hz |      1 MHz |  106.5000 MHz | 426 |  4  |  0.0038 % |  13 |
| 32000 Hz |      2 MHz |  106.5000 MHz | 213 |  4  |  0.0038 % |  13 |
|          |            |               |     |     |           |     |
+----------+------------+---------------+-----+-----+-----------+-----+
| 44100 Hz |      1 MHz |  135.5000 MHz | 271 |  2  |  0.0183 % |  12 |
| 44100 Hz |      1 MHz |   90.3333 MHz | 271 |  3  |  0.0183 % |   8 |
| 44100 Hz |      1 MHz |   67.7500 MHz | 271 |  4  |  0.0183 % |   6 |
| 44100 Hz |      1 MHz |   45.1667 MHz | 271 |  6  |  0.0183 % |   4 |
| 44100 Hz |      2 MHz |  169.3333 MHz | 254 |  3  |  0.0063 % |  15 |
|          |            |               |     |     |           |     |
+----------+------------+---------------+-----+-----+-----------+-----+
| 48000 Hz |      1 MHz |   12.2857 MHz |  86 |  7  |  0.0186 % |   1 |
| 48000 Hz |      1 MHz |   24.5714 MHz | 172 |  7  |  0.0186 % |   2 |
| 48000 Hz |      1 MHz |   49.1429 MHz | 344 |  7  |  0.0186 % |   4 |
| 48000 Hz |      1 MHz |   61.4286 MHz | 430 |  7  |  0.0186 % |   5 |
| 48000 Hz |      2 MHz |   24.5714 MHz |  86 |  7  |  0.0186 % |   2 |
| 48000 Hz |      2 MHz |   49.1429 MHz | 172 |  7  |  0.0186 % |   4 |
| 48000 Hz |      2 MHz |   61.4286 MHz | 215 |  7  |  0.0186 % |   5 |
| 48000 Hz |      2 MHz |   98.2857 MHz | 344 |  7  |  0.0186 % |   8 |
| 48000 Hz |      2 MHz |  122.8571 MHz | 430 |  7  |  0.0186 % |  10 |
|          |            |               |     |     |           |     |
+----------+------------+---------------+-----+-----+-----------+-----+
| 88200 Hz |      1 MHz |  135.5000 MHz | 271 |  2  |  0.0183 % |   6 |
| 88200 Hz |      1 MHz |   90.3333 MHz | 271 |  3  |  0.0183 % |   4 |
| 88200 Hz |      1 MHz |   67.7500 MHz | 271 |  4  |  0.0183 % |   3 |
| 88200 Hz |      1 MHz |   45.1667 MHz | 271 |  6  |  0.0183 % |   2 |
| 88200 Hz |      2 MHz |  180.6667 MHz | 271 |  3  |  0.0183 % |   8 |
| 88200 Hz |      2 MHz |  135.5000 MHz | 271 |  4  |  0.0183 % |   6 |
| 88200 Hz |      2 MHz |   90.3333 MHz | 271 |  6  |  0.0183 % |   4 |
|          |            |               |     |     |           |     |
+----------+------------+---------------+-----+-----+-----------+-----+
| 96000 Hz |      1 MHz |   24.5714 MHz | 172 |  7  |  0.0186 % |   1 |
| 96000 Hz |      1 MHz |   49.1429 MHz | 344 |  7  |  0.0186 % |   2 |
| 96000 Hz |      2 MHz |   24.5714 MHz |  86 |  7  |  0.0186 % |   1 |
| 96000 Hz |      2 MHz |   49.1429 MHz | 172 |  7  |  0.0186 % |   2 |
| 96000 Hz |      2 MHz |   98.2857 MHz | 344 |  7  |  0.0186 % |   4 |
| 96000 Hz |      2 MHz |  122.8571 MHz | 430 |  7  |  0.0186 % |   5 |
|          |            |               |     |     |           |     |
+----------+------------+---------------+-----+-----+-----------+-----+
